<?xml version="1.0" encoding="UTF-8"?>
<!-- Generated by org.testng.reporters.JUnitReportReporter -->
<testsuite hostname="DESKTOP-MVKTGS4" failures="0" tests="1" name="Tests.SignInTest" time="37.964" errors="0" timestamp="2023-03-10T20:58:57 EET" skipped="0">
  <testcase classname="Tests.SignInTest" name="UserRegisterSuccessfully" time="37.964"/>
  <system-out/>
</testsuite> <!-- Tests.SignInTest -->
