<?xml version="1.0" encoding="UTF-8"?>
<!-- Generated by org.testng.reporters.JUnitReportReporter -->
<testsuite hostname="DESKTOP-MVKTGS4" failures="0" tests="1" name="Tests.AddCourses" time="32.215" errors="0" timestamp="2023-03-10T21:14:09 EET" skipped="0">
  <testcase classname="Tests.AddCourses" name="CourseAddedSuccesfully" time="32.215"/>
  <system-out/>
</testsuite> <!-- Tests.AddCourses -->
